E, [2015-12-29T19:04:20.736238 #9868] ERROR -- Kitchen: ------Exception-------
E, [2015-12-29T19:04:20.736238 #9868] ERROR -- Kitchen: Class: Kitchen::UserError
E, [2015-12-29T19:04:20.736238 #9868] ERROR -- Kitchen: Message: Kitchen YAML file D:/CMDBs/Github/kees/.kitchen.yml does not exist.
E, [2015-12-29T19:04:20.736238 #9868] ERROR -- Kitchen: ------Backtrace-------
E, [2015-12-29T19:04:20.736238 #9868] ERROR -- Kitchen: C:/opscode/chefdk/embedded/lib/ruby/gems/2.1.0/gems/test-kitchen-1.4.2/lib/kitchen/loader/yaml.rb:74:in `read'
E, [2015-12-29T19:04:20.736238 #9868] ERROR -- Kitchen: C:/opscode/chefdk/embedded/lib/ruby/gems/2.1.0/gems/test-kitchen-1.4.2/lib/kitchen/config.rb:145:in `data'
E, [2015-12-29T19:04:20.736238 #9868] ERROR -- Kitchen: C:/opscode/chefdk/embedded/lib/ruby/gems/2.1.0/gems/test-kitchen-1.4.2/lib/kitchen/config.rb:124:in `suites'
E, [2015-12-29T19:04:20.737243 #9868] ERROR -- Kitchen: C:/opscode/chefdk/embedded/lib/ruby/gems/2.1.0/gems/test-kitchen-1.4.2/lib/kitchen/config.rb:175:in `filter_instances'
E, [2015-12-29T19:04:20.737243 #9868] ERROR -- Kitchen: C:/opscode/chefdk/embedded/lib/ruby/gems/2.1.0/gems/test-kitchen-1.4.2/lib/kitchen/config.rb:134:in `build_instances'
E, [2015-12-29T19:04:20.737243 #9868] ERROR -- Kitchen: C:/opscode/chefdk/embedded/lib/ruby/gems/2.1.0/gems/test-kitchen-1.4.2/lib/kitchen/config.rb:110:in `instances'
E, [2015-12-29T19:04:20.737243 #9868] ERROR -- Kitchen: C:/opscode/chefdk/embedded/lib/ruby/gems/2.1.0/gems/test-kitchen-1.4.2/lib/kitchen/command.rb:115:in `filtered_instances'
E, [2015-12-29T19:04:20.737243 #9868] ERROR -- Kitchen: C:/opscode/chefdk/embedded/lib/ruby/gems/2.1.0/gems/test-kitchen-1.4.2/lib/kitchen/command.rb:145:in `parse_subcommand'
E, [2015-12-29T19:04:20.737243 #9868] ERROR -- Kitchen: C:/opscode/chefdk/embedded/lib/ruby/gems/2.1.0/gems/test-kitchen-1.4.2/lib/kitchen/command/login.rb:32:in `call'
E, [2015-12-29T19:04:20.737243 #9868] ERROR -- Kitchen: C:/opscode/chefdk/embedded/lib/ruby/gems/2.1.0/gems/test-kitchen-1.4.2/lib/kitchen/cli.rb:56:in `perform'
E, [2015-12-29T19:04:20.737243 #9868] ERROR -- Kitchen: C:/opscode/chefdk/embedded/lib/ruby/gems/2.1.0/gems/test-kitchen-1.4.2/lib/kitchen/cli.rb:224:in `login'
E, [2015-12-29T19:04:20.737243 #9868] ERROR -- Kitchen: C:/opscode/chefdk/embedded/lib/ruby/gems/2.1.0/gems/thor-0.19.1/lib/thor/command.rb:27:in `run'
E, [2015-12-29T19:04:20.737243 #9868] ERROR -- Kitchen: C:/opscode/chefdk/embedded/lib/ruby/gems/2.1.0/gems/thor-0.19.1/lib/thor/invocation.rb:126:in `invoke_command'
E, [2015-12-29T19:04:20.737243 #9868] ERROR -- Kitchen: C:/opscode/chefdk/embedded/lib/ruby/gems/2.1.0/gems/test-kitchen-1.4.2/lib/kitchen/cli.rb:308:in `invoke_task'
E, [2015-12-29T19:04:20.737243 #9868] ERROR -- Kitchen: C:/opscode/chefdk/embedded/lib/ruby/gems/2.1.0/gems/thor-0.19.1/lib/thor.rb:359:in `dispatch'
E, [2015-12-29T19:04:20.737243 #9868] ERROR -- Kitchen: C:/opscode/chefdk/embedded/lib/ruby/gems/2.1.0/gems/thor-0.19.1/lib/thor/base.rb:440:in `start'
E, [2015-12-29T19:04:20.738240 #9868] ERROR -- Kitchen: C:/opscode/chefdk/embedded/lib/ruby/gems/2.1.0/gems/test-kitchen-1.4.2/bin/kitchen:13:in `block in <top (required)>'
E, [2015-12-29T19:04:20.738240 #9868] ERROR -- Kitchen: C:/opscode/chefdk/embedded/lib/ruby/gems/2.1.0/gems/test-kitchen-1.4.2/lib/kitchen/errors.rb:154:in `with_friendly_errors'
E, [2015-12-29T19:04:20.738240 #9868] ERROR -- Kitchen: C:/opscode/chefdk/embedded/lib/ruby/gems/2.1.0/gems/test-kitchen-1.4.2/bin/kitchen:13:in `<top (required)>'
E, [2015-12-29T19:04:20.738240 #9868] ERROR -- Kitchen: C:/opscode/chefdk/bin/kitchen:16:in `load'
E, [2015-12-29T19:04:20.738240 #9868] ERROR -- Kitchen: C:/opscode/chefdk/bin/kitchen:16:in `<main>'
E, [2015-12-29T19:04:20.738240 #9868] ERROR -- Kitchen: ----------------------
